app/build/intermediates/manifest_merge_blame_file/debug/manifest-merger-blame-debug-report.txt
1<?xml version="1.0" encoding="utf-8"?>
2<manifest xmlns:android="http://schemas.android.com/apk/res/android"
3    package="com.avs.akashsingh.newapp"
4    android:versionCode="9"
5    android:versionName="9.0" >
6
7    <uses-sdk
8        android:minSdkVersion="21"
8-->src\main\AndroidManifest.xml
9        android:targetSdkVersion="31" />
9-->src\main\AndroidManifest.xml
10
11    <uses-permission android:name="android.permission.INTERNET" />
11-->src\main\AndroidManifest.xml:5:5-67
11-->src\main\AndroidManifest.xml:5:22-64
12    <uses-permission android:name="android.permission.ACCESS_NETWORK_STATE" />
12-->src\main\AndroidManifest.xml:6:5-79
12-->src\main\AndroidManifest.xml:6:22-76
13    <uses-permission android:name="com.google.android.gms.permission.AD_ID" />
13-->[unity-ads.aar] AndroidManifest.xml:11:5-79
13-->[unity-ads.aar] AndroidManifest.xml:11:22-76
14    <uses-permission android:name="android.permission.POST_NOTIFICATIONS" />
14-->[com.google.firebase:firebase-messaging:23.0.7] AndroidManifest.xml:26:5-77
14-->[com.google.firebase:firebase-messaging:23.0.7] AndroidManifest.xml:26:22-74
15    <uses-permission android:name="android.permission.WAKE_LOCK" /> <!-- Required by older versions of Google Play services to create IID tokens -->
15-->[com.google.firebase:firebase-messaging:23.0.7] AndroidManifest.xml:27:5-68
15-->[com.google.firebase:firebase-messaging:23.0.7] AndroidManifest.xml:27:22-65
16    <uses-permission android:name="com.google.android.c2dm.permission.RECEIVE" /> <!-- Permissions required by Open Measurement SDK -->
16-->[com.google.firebase:firebase-messaging:23.0.7] AndroidManifest.xml:29:5-82
16-->[com.google.firebase:firebase-messaging:23.0.7] AndroidManifest.xml:29:22-79
17    <uses-permission android:name="android.permission.ACCESS_WIFI_STATE" />
17-->[com.applovin:applovin-sdk:11.3.3] AndroidManifest.xml:15:5-76
17-->[com.applovin:applovin-sdk:11.3.3] AndroidManifest.xml:15:22-73
18    <uses-permission android:name="com.google.android.finsky.permission.BIND_GET_INSTALL_REFERRER_SERVICE" /> <!-- Android package visibility setting -->
18-->[com.google.android.gms:play-services-measurement:21.1.0] AndroidManifest.xml:26:5-110
18-->[com.google.android.gms:play-services-measurement:21.1.0] AndroidManifest.xml:26:22-107
19    <queries>
19-->[com.google.android.gms:play-services-ads-lite:21.1.0] AndroidManifest.xml:28:5-44:15
20
21        <!-- For browser content -->
22        <intent>
22-->[com.google.android.gms:play-services-ads-lite:21.1.0] AndroidManifest.xml:31:9-37:18
23            <action android:name="android.intent.action.VIEW" />
23-->[com.google.firebase:firebase-auth:21.0.7] AndroidManifest.xml:34:17-69
23-->[com.google.firebase:firebase-auth:21.0.7] AndroidManifest.xml:34:25-66
24
25            <category android:name="android.intent.category.BROWSABLE" />
25-->[com.google.firebase:firebase-auth:21.0.7] AndroidManifest.xml:37:17-78
25-->[com.google.firebase:firebase-auth:21.0.7] AndroidManifest.xml:37:27-75
26
27            <data android:scheme="https" />
27-->[com.google.firebase:firebase-auth:21.0.7] AndroidManifest.xml:39:17-42:51
27-->[com.google.firebase:firebase-auth:21.0.7] AndroidManifest.xml:42:21-48
28        </intent>
29        <!-- End of browser content -->
30        <!-- For CustomTabsService -->
31        <intent>
31-->[com.google.android.gms:play-services-ads-lite:21.1.0] AndroidManifest.xml:40:9-42:18
32            <action android:name="android.support.customtabs.action.CustomTabsService" />
32-->[com.google.android.gms:play-services-ads-lite:21.1.0] AndroidManifest.xml:41:13-90
32-->[com.google.android.gms:play-services-ads-lite:21.1.0] AndroidManifest.xml:41:21-87
33        </intent>
34        <!-- End of CustomTabsService -->
35    </queries>
36
37    <uses-permission android:name="android.permission.RECEIVE_BOOT_COMPLETED" />
37-->[androidx.work:work-runtime:2.7.0] AndroidManifest.xml:27:5-81
37-->[androidx.work:work-runtime:2.7.0] AndroidManifest.xml:27:22-78
38    <uses-permission android:name="android.permission.FOREGROUND_SERVICE" />
38-->[androidx.work:work-runtime:2.7.0] AndroidManifest.xml:28:5-77
38-->[androidx.work:work-runtime:2.7.0] AndroidManifest.xml:28:22-74
39
40    <application
40-->src\main\AndroidManifest.xml:8:5-78:19
41        android:name="com.avs.akashsingh.newapp.Model.appClass"
41-->src\main\AndroidManifest.xml:9:9-39
42        android:allowBackup="true"
42-->src\main\AndroidManifest.xml:10:9-35
43        android:appComponentFactory="androidx.core.app.CoreComponentFactory"
43-->[androidx.core:core:1.7.0] AndroidManifest.xml:24:18-86
44        android:debuggable="true"
45        android:icon="@mipmap/ic_launcher"
45-->src\main\AndroidManifest.xml:11:9-43
46        android:label="@string/app_name"
46-->src\main\AndroidManifest.xml:12:9-41
47        android:roundIcon="@mipmap/ic_launcher_round"
47-->src\main\AndroidManifest.xml:13:9-54
48        android:supportsRtl="true"
48-->src\main\AndroidManifest.xml:14:9-35
49        android:testOnly="true"
50        android:theme="@style/Theme.NewApp" >
50-->src\main\AndroidManifest.xml:15:9-44
51        <activity
51-->src\main\AndroidManifest.xml:16:9-18:40
52            android:name="com.avs.akashsingh.newapp.DailyCheckActivity"
52-->src\main\AndroidManifest.xml:17:13-47
53            android:exported="false" />
53-->src\main\AndroidManifest.xml:18:13-37
54        <activity
54-->src\main\AndroidManifest.xml:19:9-21:40
55            android:name="com.avs.akashsingh.newapp.ScratchCardActivity"
55-->src\main\AndroidManifest.xml:20:13-48
56            android:exported="false" />
56-->src\main\AndroidManifest.xml:21:13-37
57        <activity
57-->src\main\AndroidManifest.xml:22:9-24:39
58            android:name="com.avs.akashsingh.newapp.WatchVideoActivity"
58-->src\main\AndroidManifest.xml:23:13-47
59            android:exported="true" />
59-->src\main\AndroidManifest.xml:24:13-36
60        <activity
60-->src\main\AndroidManifest.xml:25:9-27:39
61            android:name="com.avs.akashsingh.newapp.UpdateProfileAcvity"
61-->src\main\AndroidManifest.xml:26:13-48
62            android:exported="true" />
62-->src\main\AndroidManifest.xml:27:13-36
63        <activity
63-->src\main\AndroidManifest.xml:28:9-30:39
64            android:name="com.avs.akashsingh.newapp.ForgotPasswordActivity"
64-->src\main\AndroidManifest.xml:29:13-51
65            android:exported="true" />
65-->src\main\AndroidManifest.xml:30:13-36
66        <activity
66-->src\main\AndroidManifest.xml:31:9-33:39
67            android:name="com.avs.akashsingh.newapp.SpinWheelActivity"
67-->src\main\AndroidManifest.xml:32:13-46
68            android:exported="true" />
68-->src\main\AndroidManifest.xml:33:13-36
69        <activity
69-->src\main\AndroidManifest.xml:34:9-42:20
70            android:name="com.avs.akashsingh.newapp.SplashActivity"
70-->src\main\AndroidManifest.xml:35:13-43
71            android:exported="true" >
71-->src\main\AndroidManifest.xml:36:13-36
72            <intent-filter>
72-->src\main\AndroidManifest.xml:37:13-41:29
73                <action android:name="android.intent.action.MAIN" />
73-->src\main\AndroidManifest.xml:38:17-69
73-->src\main\AndroidManifest.xml:38:25-66
74
75                <category android:name="android.intent.category.LAUNCHER" />
75-->src\main\AndroidManifest.xml:40:17-77
75-->src\main\AndroidManifest.xml:40:27-74
76            </intent-filter>
77        </activity>
78        <activity
78-->src\main\AndroidManifest.xml:43:9-45:39
79            android:name="com.avs.akashsingh.newapp.LeaderBordActivity"
79-->src\main\AndroidManifest.xml:44:13-47
80            android:exported="true" />
80-->src\main\AndroidManifest.xml:45:13-36
81        <activity
81-->src\main\AndroidManifest.xml:46:9-48:39
82            android:name="com.avs.akashsingh.newapp.ProfileActivity"
82-->src\main\AndroidManifest.xml:47:13-44
83            android:exported="true" />
83-->src\main\AndroidManifest.xml:48:13-36
84        <activity
84-->src\main\AndroidManifest.xml:49:9-51:39
85            android:name="com.avs.akashsingh.newapp.ResultActivity"
85-->src\main\AndroidManifest.xml:50:13-43
86            android:exported="true" />
86-->src\main\AndroidManifest.xml:51:13-36
87        <activity
87-->src\main\AndroidManifest.xml:52:9-54:39
88            android:name="com.avs.akashsingh.newapp.QuizActivity"
88-->src\main\AndroidManifest.xml:53:13-41
89            android:exported="true" />
89-->src\main\AndroidManifest.xml:54:13-36
90        <activity
90-->src\main\AndroidManifest.xml:55:9-57:39
91            android:name="com.avs.akashsingh.newapp.MyWalletActivity"
91-->src\main\AndroidManifest.xml:56:13-45
92            android:exported="true" />
92-->src\main\AndroidManifest.xml:57:13-36
93        <activity
93-->src\main\AndroidManifest.xml:58:9-60:39
94            android:name="com.avs.akashsingh.newapp.CategoryActivity"
94-->src\main\AndroidManifest.xml:59:13-45
95            android:exported="true" />
95-->src\main\AndroidManifest.xml:60:13-36
96        <activity
96-->src\main\AndroidManifest.xml:61:9-63:39
97            android:name="com.avs.akashsingh.newapp.LogInActivity"
97-->src\main\AndroidManifest.xml:62:13-42
98            android:exported="true" />
98-->src\main\AndroidManifest.xml:63:13-36
99        <activity
99-->src\main\AndroidManifest.xml:64:9-66:39
100            android:name="com.avs.akashsingh.newapp.SignUpActivity"
100-->src\main\AndroidManifest.xml:65:13-43
101            android:exported="true" />
101-->src\main\AndroidManifest.xml:66:13-36
102        <activity
102-->src\main\AndroidManifest.xml:67:9-69:39
103            android:name="com.avs.akashsingh.newapp.MainActivity"
103-->src\main\AndroidManifest.xml:68:13-41
104            android:exported="true" />
104-->src\main\AndroidManifest.xml:69:13-36
105
106        <meta-data
106-->src\main\AndroidManifest.xml:71:9-73:52
107            android:name="com.google.android.gms.ads.APPLICATION_ID"
107-->src\main\AndroidManifest.xml:72:13-69
108            android:value="@string/admob_app_id" />
108-->src\main\AndroidManifest.xml:73:13-49
109        <meta-data
109-->src\main\AndroidManifest.xml:75:9-76:117
110            android:name="applovin.sdk.key"
110-->src\main\AndroidManifest.xml:75:20-51
111            android:value="K3Nf_7D5htbmWpmEzPHqiT5EtCI48VK61LI8bkxlt4agGdT078eyKxEewuh8sPw6S2-q9VbgmiMtNPck8ctAnQ" />
111-->src\main\AndroidManifest.xml:76:13-115
112
113        <activity
113-->[unity-ads.aar] AndroidManifest.xml:14:9-18:74
114            android:name="com.unity3d.services.ads.adunit.AdUnitActivity"
114-->[unity-ads.aar] AndroidManifest.xml:15:13-74
115            android:configChanges="fontScale|keyboard|keyboardHidden|locale|mnc|mcc|navigation|orientation|screenLayout|screenSize|smallestScreenSize|uiMode|touchscreen"
115-->[unity-ads.aar] AndroidManifest.xml:16:13-170
116            android:hardwareAccelerated="true"
116-->[unity-ads.aar] AndroidManifest.xml:17:13-47
117            android:theme="@android:style/Theme.NoTitleBar.Fullscreen" />
117-->[unity-ads.aar] AndroidManifest.xml:18:13-71
118        <activity
118-->[unity-ads.aar] AndroidManifest.xml:19:9-23:86
119            android:name="com.unity3d.services.ads.adunit.AdUnitTransparentActivity"
119-->[unity-ads.aar] AndroidManifest.xml:20:13-85
120            android:configChanges="fontScale|keyboard|keyboardHidden|locale|mnc|mcc|navigation|orientation|screenLayout|screenSize|smallestScreenSize|uiMode|touchscreen"
120-->[unity-ads.aar] AndroidManifest.xml:21:13-170
121            android:hardwareAccelerated="true"
121-->[unity-ads.aar] AndroidManifest.xml:22:13-47
122            android:theme="@android:style/Theme.Translucent.NoTitleBar.Fullscreen" />
122-->[unity-ads.aar] AndroidManifest.xml:23:13-83
123        <activity
123-->[unity-ads.aar] AndroidManifest.xml:24:9-28:86
124            android:name="com.unity3d.services.ads.adunit.AdUnitTransparentSoftwareActivity"
124-->[unity-ads.aar] AndroidManifest.xml:25:13-93
125            android:configChanges="fontScale|keyboard|keyboardHidden|locale|mnc|mcc|navigation|orientation|screenLayout|screenSize|smallestScreenSize|uiMode|touchscreen"
125-->[unity-ads.aar] AndroidManifest.xml:26:13-170
126            android:hardwareAccelerated="false"
126-->[unity-ads.aar] AndroidManifest.xml:27:13-48
127            android:theme="@android:style/Theme.Translucent.NoTitleBar.Fullscreen" />
127-->[unity-ads.aar] AndroidManifest.xml:28:13-83
128        <activity
128-->[unity-ads.aar] AndroidManifest.xml:29:9-33:74
129            android:name="com.unity3d.services.ads.adunit.AdUnitSoftwareActivity"
129-->[unity-ads.aar] AndroidManifest.xml:30:13-82
130            android:configChanges="fontScale|keyboard|keyboardHidden|locale|mnc|mcc|navigation|orientation|screenLayout|screenSize|smallestScreenSize|uiMode|touchscreen"
130-->[unity-ads.aar] AndroidManifest.xml:31:13-170
131            android:hardwareAccelerated="false"
131-->[unity-ads.aar] AndroidManifest.xml:32:13-48
132            android:theme="@android:style/Theme.NoTitleBar.Fullscreen" />
132-->[unity-ads.aar] AndroidManifest.xml:33:13-71
133        <activity
133-->[com.google.firebase:firebase-auth:21.0.7] AndroidManifest.xml:27:9-44:20
134            android:name="com.google.firebase.auth.internal.GenericIdpActivity"
134-->[com.google.firebase:firebase-auth:21.0.7] AndroidManifest.xml:28:13-80
135            android:excludeFromRecents="true"
135-->[com.google.firebase:firebase-auth:21.0.7] AndroidManifest.xml:29:13-46
136            android:exported="true"
136-->[com.google.firebase:firebase-auth:21.0.7] AndroidManifest.xml:30:13-36
137            android:launchMode="singleTask"
137-->[com.google.firebase:firebase-auth:21.0.7] AndroidManifest.xml:31:13-44
138            android:theme="@android:style/Theme.Translucent.NoTitleBar" >
138-->[com.google.firebase:firebase-auth:21.0.7] AndroidManifest.xml:32:13-72
139            <intent-filter>
139-->[com.google.firebase:firebase-auth:21.0.7] AndroidManifest.xml:33:13-43:29
140                <action android:name="android.intent.action.VIEW" />
140-->[com.google.firebase:firebase-auth:21.0.7] AndroidManifest.xml:34:17-69
140-->[com.google.firebase:firebase-auth:21.0.7] AndroidManifest.xml:34:25-66
141
142                <category android:name="android.intent.category.DEFAULT" />
142-->[com.google.firebase:firebase-auth:21.0.7] AndroidManifest.xml:36:17-76
142-->[com.google.firebase:firebase-auth:21.0.7] AndroidManifest.xml:36:27-73
143                <category android:name="android.intent.category.BROWSABLE" />
143-->[com.google.firebase:firebase-auth:21.0.7] AndroidManifest.xml:37:17-78
143-->[com.google.firebase:firebase-auth:21.0.7] AndroidManifest.xml:37:27-75
144
145                <data
145-->[com.google.firebase:firebase-auth:21.0.7] AndroidManifest.xml:39:17-42:51
146                    android:host="firebase.auth"
146-->[com.google.firebase:firebase-auth:21.0.7] AndroidManifest.xml:40:21-49
147                    android:path="/"
147-->[com.google.firebase:firebase-auth:21.0.7] AndroidManifest.xml:41:21-37
148                    android:scheme="genericidp" />
148-->[com.google.firebase:firebase-auth:21.0.7] AndroidManifest.xml:42:21-48
149            </intent-filter>
150        </activity>
151        <activity
151-->[com.google.firebase:firebase-auth:21.0.7] AndroidManifest.xml:45:9-62:20
152            android:name="com.google.firebase.auth.internal.RecaptchaActivity"
152-->[com.google.firebase:firebase-auth:21.0.7] AndroidManifest.xml:46:13-79
153            android:excludeFromRecents="true"
153-->[com.google.firebase:firebase-auth:21.0.7] AndroidManifest.xml:47:13-46
154            android:exported="true"
154-->[com.google.firebase:firebase-auth:21.0.7] AndroidManifest.xml:48:13-36
155            android:launchMode="singleTask"
155-->[com.google.firebase:firebase-auth:21.0.7] AndroidManifest.xml:49:13-44
156            android:theme="@android:style/Theme.Translucent.NoTitleBar" >
156-->[com.google.firebase:firebase-auth:21.0.7] AndroidManifest.xml:50:13-72
157            <intent-filter>
157-->[com.google.firebase:firebase-auth:21.0.7] AndroidManifest.xml:51:13-61:29
158                <action android:name="android.intent.action.VIEW" />
158-->[com.google.firebase:firebase-auth:21.0.7] AndroidManifest.xml:34:17-69
158-->[com.google.firebase:firebase-auth:21.0.7] AndroidManifest.xml:34:25-66
159
160                <category android:name="android.intent.category.DEFAULT" />
160-->[com.google.firebase:firebase-auth:21.0.7] AndroidManifest.xml:36:17-76
160-->[com.google.firebase:firebase-auth:21.0.7] AndroidManifest.xml:36:27-73
161                <category android:name="android.intent.category.BROWSABLE" />
161-->[com.google.firebase:firebase-auth:21.0.7] AndroidManifest.xml:37:17-78
161-->[com.google.firebase:firebase-auth:21.0.7] AndroidManifest.xml:37:27-75
162
163                <data
163-->[com.google.firebase:firebase-auth:21.0.7] AndroidManifest.xml:39:17-42:51
164                    android:host="firebase.auth"
164-->[com.google.firebase:firebase-auth:21.0.7] AndroidManifest.xml:40:21-49
165                    android:path="/"
165-->[com.google.firebase:firebase-auth:21.0.7] AndroidManifest.xml:41:21-37
166                    android:scheme="recaptcha" />
166-->[com.google.firebase:firebase-auth:21.0.7] AndroidManifest.xml:42:21-48
167            </intent-filter>
168        </activity>
169
170        <service
170-->[com.google.firebase:firebase-auth:21.0.7] AndroidManifest.xml:64:9-70:19
171            android:name="com.google.firebase.components.ComponentDiscoveryService"
171-->[com.google.firebase:firebase-auth:21.0.7] AndroidManifest.xml:65:13-84
172            android:directBootAware="true"
172-->[com.google.firebase:firebase-common:20.1.1] AndroidManifest.xml:35:13-43
173            android:exported="false" >
173-->[com.google.firebase:firebase-auth:21.0.7] AndroidManifest.xml:66:13-37
174            <meta-data
174-->[com.google.firebase:firebase-auth:21.0.7] AndroidManifest.xml:67:13-69:85
175                android:name="com.google.firebase.components:com.google.firebase.auth.FirebaseAuthRegistrar"
175-->[com.google.firebase:firebase-auth:21.0.7] AndroidManifest.xml:68:17-109
176                android:value="com.google.firebase.components.ComponentRegistrar" />
176-->[com.google.firebase:firebase-auth:21.0.7] AndroidManifest.xml:69:17-82
177            <meta-data
177-->[com.google.firebase:firebase-firestore:24.2.2] AndroidManifest.xml:20:13-22:85
178                android:name="com.google.firebase.components:com.google.firebase.firestore.FirestoreRegistrar"
178-->[com.google.firebase:firebase-firestore:24.2.2] AndroidManifest.xml:21:17-111
179                android:value="com.google.firebase.components.ComponentRegistrar" />
179-->[com.google.firebase:firebase-firestore:24.2.2] AndroidManifest.xml:22:17-82
180            <meta-data
180-->[com.google.firebase:firebase-messaging:23.0.7] AndroidManifest.xml:56:13-58:85
181                android:name="com.google.firebase.components:com.google.firebase.messaging.FirebaseMessagingRegistrar"
181-->[com.google.firebase:firebase-messaging:23.0.7] AndroidManifest.xml:57:17-119
182                android:value="com.google.firebase.components.ComponentRegistrar" />
182-->[com.google.firebase:firebase-messaging:23.0.7] AndroidManifest.xml:58:17-82
183            <meta-data
183-->[com.google.firebase:firebase-datatransport:18.1.5] AndroidManifest.xml:28:13-30:85
184                android:name="com.google.firebase.components:com.google.firebase.datatransport.TransportRegistrar"
184-->[com.google.firebase:firebase-datatransport:18.1.5] AndroidManifest.xml:29:17-115
185                android:value="com.google.firebase.components.ComponentRegistrar" />
185-->[com.google.firebase:firebase-datatransport:18.1.5] AndroidManifest.xml:30:17-82
186            <meta-data
186-->[com.google.android.gms:play-services-measurement-api:21.1.0] AndroidManifest.xml:31:13-33:85
187                android:name="com.google.firebase.components:com.google.firebase.analytics.connector.internal.AnalyticsConnectorRegistrar"
187-->[com.google.android.gms:play-services-measurement-api:21.1.0] AndroidManifest.xml:32:17-139
188                android:value="com.google.firebase.components.ComponentRegistrar" />
188-->[com.google.android.gms:play-services-measurement-api:21.1.0] AndroidManifest.xml:33:17-82
189            <meta-data
189-->[com.google.firebase:firebase-installations:17.0.1] AndroidManifest.xml:18:13-20:85
190                android:name="com.google.firebase.components:com.google.firebase.installations.FirebaseInstallationsRegistrar"
190-->[com.google.firebase:firebase-installations:17.0.1] AndroidManifest.xml:19:17-127
191                android:value="com.google.firebase.components.ComponentRegistrar" />
191-->[com.google.firebase:firebase-installations:17.0.1] AndroidManifest.xml:20:17-82
192        </service>
193
194        <receiver
194-->[com.google.firebase:firebase-messaging:23.0.7] AndroidManifest.xml:32:9-39:20
195            android:name="com.google.firebase.iid.FirebaseInstanceIdReceiver"
195-->[com.google.firebase:firebase-messaging:23.0.7] AndroidManifest.xml:33:13-78
196            android:exported="true"
196-->[com.google.firebase:firebase-messaging:23.0.7] AndroidManifest.xml:34:13-36
197            android:permission="com.google.android.c2dm.permission.SEND" >
197-->[com.google.firebase:firebase-messaging:23.0.7] AndroidManifest.xml:35:13-73
198            <intent-filter>
198-->[com.google.firebase:firebase-messaging:23.0.7] AndroidManifest.xml:36:13-38:29
199                <action android:name="com.google.android.c2dm.intent.RECEIVE" />
199-->[com.google.firebase:firebase-messaging:23.0.7] AndroidManifest.xml:37:17-81
199-->[com.google.firebase:firebase-messaging:23.0.7] AndroidManifest.xml:37:25-78
200            </intent-filter>
201        </receiver>
202        <!--
203             FirebaseMessagingService performs security checks at runtime,
204             but set to not exported to explicitly avoid allowing another app to call it.
205        -->
206        <service
206-->[com.google.firebase:firebase-messaging:23.0.7] AndroidManifest.xml:45:9-52:19
207            android:name="com.google.firebase.messaging.FirebaseMessagingService"
207-->[com.google.firebase:firebase-messaging:23.0.7] AndroidManifest.xml:46:13-82
208            android:directBootAware="true"
208-->[com.google.firebase:firebase-messaging:23.0.7] AndroidManifest.xml:47:13-43
209            android:exported="false" >
209-->[com.google.firebase:firebase-messaging:23.0.7] AndroidManifest.xml:48:13-37
210            <intent-filter android:priority="-500" >
210-->[com.google.firebase:firebase-messaging:23.0.7] AndroidManifest.xml:49:13-51:29
210-->[com.google.firebase:firebase-messaging:23.0.7] AndroidManifest.xml:49:28-51
211                <action android:name="com.google.firebase.MESSAGING_EVENT" />
211-->[com.google.firebase:firebase-messaging:23.0.7] AndroidManifest.xml:50:17-78
211-->[com.google.firebase:firebase-messaging:23.0.7] AndroidManifest.xml:50:25-75
212            </intent-filter>
213        </service>
214
215        <provider
215-->[com.applovin:applovin-sdk:11.3.3] AndroidManifest.xml:18:9-23:39
216            android:name="com.applovin.sdk.AppLovinInitProvider"
216-->[com.applovin:applovin-sdk:11.3.3] AndroidManifest.xml:19:13-65
217            android:authorities="com.avs.akashsingh.newapp.applovincontentprovider"
217-->[com.applovin:applovin-sdk:11.3.3] AndroidManifest.xml:20:13-75
218            android:exported="false"
218-->[com.applovin:applovin-sdk:11.3.3] AndroidManifest.xml:21:13-37
219            android:grantUriPermissions="true"
219-->[com.applovin:applovin-sdk:11.3.3] AndroidManifest.xml:22:13-47
220            android:initOrder="101" /> <!-- Init order is 101 so we're before Firebase/Google which uses 100 -->
220-->[com.applovin:applovin-sdk:11.3.3] AndroidManifest.xml:23:13-36
221        <activity
221-->[com.applovin:applovin-sdk:11.3.3] AndroidManifest.xml:25:9-31:50
222            android:name="com.applovin.adview.AppLovinFullscreenActivity"
222-->[com.applovin:applovin-sdk:11.3.3] AndroidManifest.xml:26:13-74
223            android:configChanges="keyboard|keyboardHidden|locale|orientation|screenLayout|screenSize|smallestScreenSize|uiMode"
223-->[com.applovin:applovin-sdk:11.3.3] AndroidManifest.xml:27:13-129
224            android:exported="false"
224-->[com.applovin:applovin-sdk:11.3.3] AndroidManifest.xml:28:13-37
225            android:hardwareAccelerated="true"
225-->[com.applovin:applovin-sdk:11.3.3] AndroidManifest.xml:29:13-47
226            android:launchMode="singleTop"
226-->[com.applovin:applovin-sdk:11.3.3] AndroidManifest.xml:30:13-43
227            android:screenOrientation="behind" />
227-->[com.applovin:applovin-sdk:11.3.3] AndroidManifest.xml:31:13-47
228        <activity
228-->[com.applovin:applovin-sdk:11.3.3] AndroidManifest.xml:32:9-34:84
229            android:name="com.applovin.sdk.AppLovinWebViewActivity"
229-->[com.applovin:applovin-sdk:11.3.3] AndroidManifest.xml:33:13-68
230            android:configChanges="keyboardHidden|orientation|screenSize|uiMode" />
230-->[com.applovin:applovin-sdk:11.3.3] AndroidManifest.xml:34:13-81
231        <activity
231-->[com.applovin:applovin-sdk:11.3.3] AndroidManifest.xml:35:9-38:87
232            android:name="com.applovin.mediation.MaxDebuggerActivity"
232-->[com.applovin:applovin-sdk:11.3.3] AndroidManifest.xml:36:13-70
233            android:configChanges="keyboardHidden|orientation|screenSize|uiMode"
233-->[com.applovin:applovin-sdk:11.3.3] AndroidManifest.xml:37:13-81
234            android:theme="@style/com.applovin.mediation.MaxDebuggerActivity.Theme" />
234-->[com.applovin:applovin-sdk:11.3.3] AndroidManifest.xml:38:13-84
235        <activity
235-->[com.applovin:applovin-sdk:11.3.3] AndroidManifest.xml:39:9-42:87
236            android:name="com.applovin.mediation.MaxDebuggerDetailActivity"
236-->[com.applovin:applovin-sdk:11.3.3] AndroidManifest.xml:40:13-76
237            android:configChanges="keyboardHidden|orientation|screenSize|uiMode"
237-->[com.applovin:applovin-sdk:11.3.3] AndroidManifest.xml:41:13-81
238            android:theme="@style/com.applovin.mediation.MaxDebuggerActivity.Theme" />
238-->[com.applovin:applovin-sdk:11.3.3] AndroidManifest.xml:42:13-84
239        <activity
239-->[com.applovin:applovin-sdk:11.3.3] AndroidManifest.xml:43:9-46:87
240            android:name="com.applovin.mediation.MaxDebuggerMultiAdActivity"
240-->[com.applovin:applovin-sdk:11.3.3] AndroidManifest.xml:44:13-77
241            android:configChanges="keyboardHidden|orientation|screenSize|uiMode"
241-->[com.applovin:applovin-sdk:11.3.3] AndroidManifest.xml:45:13-81
242            android:theme="@style/com.applovin.mediation.MaxDebuggerActivity.Theme" />
242-->[com.applovin:applovin-sdk:11.3.3] AndroidManifest.xml:46:13-84
243        <activity
243-->[com.applovin:applovin-sdk:11.3.3] AndroidManifest.xml:47:9-50:87
244            android:name="com.applovin.mediation.MaxDebuggerAdUnitsListActivity"
244-->[com.applovin:applovin-sdk:11.3.3] AndroidManifest.xml:48:13-81
245            android:configChanges="keyboardHidden|orientation|screenSize|uiMode"
245-->[com.applovin:applovin-sdk:11.3.3] AndroidManifest.xml:49:13-81
246            android:theme="@style/com.applovin.mediation.MaxDebuggerActivity.Theme" />
246-->[com.applovin:applovin-sdk:11.3.3] AndroidManifest.xml:50:13-84
247        <activity
247-->[com.applovin:applovin-sdk:11.3.3] AndroidManifest.xml:51:9-54:87
248            android:name="com.applovin.mediation.MaxDebuggerAdUnitDetailActivity"
248-->[com.applovin:applovin-sdk:11.3.3] AndroidManifest.xml:52:13-82
249            android:configChanges="keyboardHidden|orientation|screenSize|uiMode"
249-->[com.applovin:applovin-sdk:11.3.3] AndroidManifest.xml:53:13-81
250            android:theme="@style/com.applovin.mediation.MaxDebuggerActivity.Theme" />
250-->[com.applovin:applovin-sdk:11.3.3] AndroidManifest.xml:54:13-84
251        <activity
251-->[com.applovin:applovin-sdk:11.3.3] AndroidManifest.xml:55:9-58:87
252            android:name="com.applovin.mediation.MaxDebuggerTestLiveNetworkActivity"
252-->[com.applovin:applovin-sdk:11.3.3] AndroidManifest.xml:56:13-85
253            android:configChanges="keyboardHidden|orientation|screenSize|uiMode"
253-->[com.applovin:applovin-sdk:11.3.3] AndroidManifest.xml:57:13-81
254            android:theme="@style/com.applovin.mediation.MaxDebuggerActivity.Theme" />
254-->[com.applovin:applovin-sdk:11.3.3] AndroidManifest.xml:58:13-84
255
256        <service
256-->[com.applovin:applovin-sdk:11.3.3] AndroidManifest.xml:60:9-63:44
257            android:name="com.applovin.impl.sdk.utils.AppKilledService"
257-->[com.applovin:applovin-sdk:11.3.3] AndroidManifest.xml:61:13-72
258            android:exported="false"
258-->[com.applovin:applovin-sdk:11.3.3] AndroidManifest.xml:62:13-37
259            android:stopWithTask="false" />
259-->[com.applovin:applovin-sdk:11.3.3] AndroidManifest.xml:63:13-41
260        <service
260-->[com.applovin:applovin-sdk:11.3.3] AndroidManifest.xml:64:9-67:44
261            android:name="com.applovin.impl.adview.activity.FullscreenAdService"
261-->[com.applovin:applovin-sdk:11.3.3] AndroidManifest.xml:65:13-81
262            android:exported="false"
262-->[com.applovin:applovin-sdk:11.3.3] AndroidManifest.xml:66:13-37
263            android:stopWithTask="false" />
263-->[com.applovin:applovin-sdk:11.3.3] AndroidManifest.xml:67:13-41
264
265        <provider
265-->[com.google.firebase:firebase-common:20.1.1] AndroidManifest.xml:26:9-31:39
266            android:name="com.google.firebase.provider.FirebaseInitProvider"
266-->[com.google.firebase:firebase-common:20.1.1] AndroidManifest.xml:27:13-77
267            android:authorities="com.avs.akashsingh.newapp.firebaseinitprovider"
267-->[com.google.firebase:firebase-common:20.1.1] AndroidManifest.xml:28:13-72